[2023-08-05 18:35:15,870] {_internal.py:224} INFO - [31m[1mWARNING: This is a development server. Do not use it in a production deployment. Use a production WSGI server instead.[0m
 * Running on all addresses (0.0.0.0)
 * Running on http://127.0.0.1:3001
 * Running on http://192.168.10.202:3001
[2023-08-05 18:35:15,871] {_internal.py:224} INFO - [33mPress CTRL+C to quit[0m
[2023-08-05 18:35:15,883] {_internal.py:224} INFO -  * Restarting with watchdog (windowsapi)
[2023-08-05 18:35:16,926] {_internal.py:224} WARNING -  * Debugger is active!
[2023-08-05 18:35:16,930] {_internal.py:224} INFO -  * Debugger PIN: 132-257-768
[2023-08-05 18:35:36,963] {_internal.py:224} INFO -  * Detected change in 'C:\\Users\\Jovin\\OneDrive\\OneDrive - DP Architects Pte Ltd\\Personal\\JS\\EnvironmentalStudy\\python_app\\server_app.py', reloading
[2023-08-05 18:35:36,964] {_internal.py:224} INFO -  * Detected change in 'C:\\Users\\Jovin\\OneDrive\\OneDrive - DP Architects Pte Ltd\\Personal\\JS\\EnvironmentalStudy\\python_app\\server_app.py', reloading
[2023-08-05 18:35:36,979] {_internal.py:224} INFO -  * Detected change in 'C:\\Users\\Jovin\\OneDrive\\OneDrive - DP Architects Pte Ltd\\Personal\\JS\\EnvironmentalStudy\\python_app\\simulation\\ladybug\\radiation.py', reloading
[2023-08-05 18:35:36,979] {_internal.py:224} INFO -  * Detected change in 'C:\\Users\\Jovin\\OneDrive\\OneDrive - DP Architects Pte Ltd\\Personal\\JS\\EnvironmentalStudy\\python_app\\simulation\\ladybug\\radiation.py', reloading
[2023-08-05 18:35:38,131] {_internal.py:224} INFO -  * Restarting with watchdog (windowsapi)
[2023-08-05 18:35:39,258] {_internal.py:224} WARNING -  * Debugger is active!
[2023-08-05 18:35:39,261] {_internal.py:224} INFO -  * Debugger PIN: 132-257-768
[2023-08-05 21:36:37,510] {_internal.py:224} INFO - 127.0.0.1 - - [05/Aug/2023 21:36:37] "[31m[1mGET /test HTTP/1.1[0m" 405 -
[2023-08-05 21:37:09,871] {_internal.py:224} INFO -  * Detected change in 'C:\\Users\\Jovin\\.conda\\envs\\py310\\Lib\\site-packages\\flask\\__init__.py', reloading
[2023-08-05 21:37:09,876] {_internal.py:224} INFO -  * Detected change in 'C:\\Users\\Jovin\\.conda\\envs\\py310\\Lib\\site-packages\\flask\\globals.py', reloading
[2023-08-05 21:37:09,881] {_internal.py:224} INFO -  * Detected change in 'C:\\Users\\Jovin\\.conda\\envs\\py310\\Lib\\site-packages\\flask\\app.py', reloading
[2023-08-05 21:37:09,923] {_internal.py:224} INFO -  * Detected change in 'C:\\Users\\Jovin\\.conda\\envs\\py310\\Lib\\site-packages\\flask\\scaffold.py', reloading
[2023-08-05 21:37:10,094] {_internal.py:224} INFO -  * Detected change in 'C:\\Users\\Jovin\\.conda\\envs\\py310\\Lib\\site-packages\\flask\\wrappers.py', reloading
[2023-08-05 21:37:10,096] {_internal.py:224} INFO -  * Detected change in 'C:\\Users\\Jovin\\.conda\\envs\\py310\\Lib\\site-packages\\werkzeug\\wrappers\\__init__.py', reloading
[2023-08-05 21:37:10,096] {_internal.py:224} INFO -  * Detected change in 'C:\\Users\\Jovin\\.conda\\envs\\py310\\Lib\\site-packages\\werkzeug\\wrappers\\request.py', reloading
[2023-08-05 21:37:10,106] {_internal.py:224} INFO -  * Detected change in 'C:\\Users\\Jovin\\.conda\\envs\\py310\\Lib\\site-packages\\werkzeug\\sansio\\request.py', reloading
[2023-08-05 21:37:11,265] {_internal.py:224} INFO -  * Restarting with watchdog (windowsapi)
[2023-08-05 21:37:12,482] {_internal.py:224} WARNING -  * Debugger is active!
[2023-08-05 21:37:12,486] {_internal.py:224} INFO -  * Debugger PIN: 132-257-768
[2023-08-05 21:51:36,127] {_internal.py:224} INFO - 127.0.0.1 - - [05/Aug/2023 21:51:36] "[31m[1mGET /test HTTP/1.1[0m" 405 -
[2023-08-05 22:08:54,748] {_internal.py:224} INFO -  * Detected change in 'C:\\Users\\Jovin\\OneDrive\\OneDrive - DP Architects Pte Ltd\\Personal\\JS\\EnvironmentalStudy\\python_app\\server_app.py', reloading
[2023-08-05 22:08:54,759] {_internal.py:224} INFO -  * Detected change in 'C:\\Users\\Jovin\\OneDrive\\OneDrive - DP Architects Pte Ltd\\Personal\\JS\\EnvironmentalStudy\\python_app\\server_app.py', reloading
[2023-08-05 22:08:54,760] {_internal.py:224} INFO -  * Detected change in 'C:\\Users\\Jovin\\OneDrive\\OneDrive - DP Architects Pte Ltd\\Personal\\JS\\EnvironmentalStudy\\python_app\\server_app.py', reloading
[2023-08-05 22:08:55,906] {_internal.py:224} INFO -  * Restarting with watchdog (windowsapi)
[2023-08-05 22:08:57,040] {_internal.py:224} WARNING -  * Debugger is active!
[2023-08-05 22:08:57,043] {_internal.py:224} INFO -  * Debugger PIN: 132-257-768
[2023-08-05 22:09:52,645] {_internal.py:224} INFO -  * Detected change in 'C:\\Users\\Jovin\\OneDrive\\OneDrive - DP Architects Pte Ltd\\Personal\\JS\\EnvironmentalStudy\\python_app\\server_app.py', reloading
[2023-08-05 22:09:52,646] {_internal.py:224} INFO -  * Detected change in 'C:\\Users\\Jovin\\OneDrive\\OneDrive - DP Architects Pte Ltd\\Personal\\JS\\EnvironmentalStudy\\python_app\\server_app.py', reloading
[2023-08-05 22:09:53,772] {_internal.py:224} INFO -  * Restarting with watchdog (windowsapi)
[2023-08-05 22:09:54,787] {_internal.py:224} WARNING -  * Debugger is active!
[2023-08-05 22:09:54,790] {_internal.py:224} INFO -  * Debugger PIN: 132-257-768
[2023-08-05 22:09:54,937] {_internal.py:224} INFO -  * Detected change in 'C:\\Users\\Jovin\\OneDrive\\OneDrive - DP Architects Pte Ltd\\Personal\\JS\\EnvironmentalStudy\\python_app\\server_app.py', reloading
[2023-08-05 22:09:56,067] {_internal.py:224} INFO -  * Restarting with watchdog (windowsapi)
[2023-08-05 22:09:57,069] {_internal.py:224} WARNING -  * Debugger is active!
[2023-08-05 22:09:57,072] {_internal.py:224} INFO -  * Debugger PIN: 132-257-768
[2023-08-05 22:17:06,203] {server_app.py:44} INFO - 1
[2023-08-05 22:17:06,204] {_internal.py:224} INFO - 127.0.0.1 - - [05/Aug/2023 22:17:06] "POST /test HTTP/1.1" 200 -
[2023-08-05 22:18:08,217] {server_app.py:44} INFO - 1
[2023-08-05 22:18:08,217] {_internal.py:224} INFO - 127.0.0.1 - - [05/Aug/2023 22:18:08] "POST /test HTTP/1.1" 200 -
[2023-08-05 22:22:35,611] {_internal.py:224} INFO -  * Detected change in 'C:\\Users\\Jovin\\OneDrive\\OneDrive - DP Architects Pte Ltd\\Personal\\JS\\EnvironmentalStudy\\python_app\\server_app.py', reloading
[2023-08-05 22:22:35,612] {_internal.py:224} INFO -  * Detected change in 'C:\\Users\\Jovin\\OneDrive\\OneDrive - DP Architects Pte Ltd\\Personal\\JS\\EnvironmentalStudy\\python_app\\server_app.py', reloading
[2023-08-05 22:22:36,791] {_internal.py:224} INFO -  * Restarting with watchdog (windowsapi)
[2023-08-05 22:22:37,998] {_internal.py:224} WARNING -  * Debugger is active!
[2023-08-05 22:22:38,002] {_internal.py:224} INFO -  * Debugger PIN: 132-257-768
[2023-08-05 22:24:12,591] {_internal.py:224} INFO -  * Detected change in 'C:\\Users\\Jovin\\OneDrive\\OneDrive - DP Architects Pte Ltd\\Personal\\JS\\EnvironmentalStudy\\python_app\\server_app.py', reloading
[2023-08-05 22:24:12,591] {_internal.py:224} INFO -  * Detected change in 'C:\\Users\\Jovin\\OneDrive\\OneDrive - DP Architects Pte Ltd\\Personal\\JS\\EnvironmentalStudy\\python_app\\server_app.py', reloading
[2023-08-05 22:24:12,595] {_internal.py:224} INFO -  * Detected change in 'C:\\Users\\Jovin\\OneDrive\\OneDrive - DP Architects Pte Ltd\\Personal\\JS\\EnvironmentalStudy\\python_app\\simulation\\ladybug\\radiation.py', reloading
[2023-08-05 22:24:12,595] {_internal.py:224} INFO -  * Detected change in 'C:\\Users\\Jovin\\OneDrive\\OneDrive - DP Architects Pte Ltd\\Personal\\JS\\EnvironmentalStudy\\python_app\\simulation\\ladybug\\radiation.py', reloading
[2023-08-05 22:24:13,722] {_internal.py:224} INFO -  * Restarting with watchdog (windowsapi)
[2023-08-05 22:24:14,823] {_internal.py:224} WARNING -  * Debugger is active!
[2023-08-05 22:24:14,827] {_internal.py:224} INFO -  * Debugger PIN: 132-257-768
